Using pre-set license
Built from '2020.3/staging' branch; Version is '2020.3.19f1 (68f137dc9bbe) revision 6877495'; Using compiler version '192528614'; Build Type 'Release'
OS: 'Windows 10 Pro; OS build 19043.1237; Version 2009; 64bit' Language: 'es' Physical Memory: 16342 MB
BatchMode: 1, IsHumanControllingUs: 0, StartBugReporterOnCrash: 0, Is64bit: 1, IsPro: 0

COMMAND LINE ARGUMENTS:
C:\Program Files\Unity\Hub\Editor\2020.3.19f1\Editor\Unity.exe
-adb2
-batchMode
-noUpm
-name
AssetImportWorker0
-projectPath
D:/Ana_Huguet/Desarrollo_Multidispositivo/Ana_Huguet_Tema1/Mi_Primer_Proyecto
-logFile
Logs/AssetImportWorker0.log
-srvPort
61812
Successfully changed project path to: D:/Ana_Huguet/Desarrollo_Multidispositivo/Ana_Huguet_Tema1/Mi_Primer_Proyecto
D:/Ana_Huguet/Desarrollo_Multidispositivo/Ana_Huguet_Tema1/Mi_Primer_Proyecto
Using Asset Import Pipeline V2.
Refreshing native plugins compatible for Editor in 28.94 ms, found 2 plugins.
Preloading 0 native plugins for Editor in 0.00 ms.
Initialize engine version: 2020.3.19f1 (68f137dc9bbe)
[Subsystems] Discovering subsystems at path C:/Program Files/Unity/Hub/Editor/2020.3.19f1/Editor/Data/Resources/UnitySubsystems
[Subsystems] Discovering subsystems at path D:/Ana_Huguet/Desarrollo_Multidispositivo/Ana_Huguet_Tema1/Mi_Primer_Proyecto/Assets
GfxDevice: creating device client; threaded=0
Direct3D:
    Version:  Direct3D 11.0 [level 11.1]
    Renderer: NVIDIA GeForce GTX 1050 Ti (ID=0x1c82)
    Vendor:   
    VRAM:     4018 MB
    Driver:   27.21.14.5671
Initialize mono
Mono path[0] = 'C:/Program Files/Unity/Hub/Editor/2020.3.19f1/Editor/Data/Managed'
Mono path[1] = 'C:/Program Files/Unity/Hub/Editor/2020.3.19f1/Editor/Data/MonoBleedingEdge/lib/mono/unityjit'
Mono config path = 'C:/Program Files/Unity/Hub/Editor/2020.3.19f1/Editor/Data/MonoBleedingEdge/etc'
Using monoOptions --debugger-agent=transport=dt_socket,embedding=1,server=y,suspend=n,address=127.0.0.1:56496
Begin MonoManager ReloadAssembly
Registering precompiled unity dll's ...
Register platform support module: C:/Program Files/Unity/Hub/Editor/2020.3.19f1/Editor/Data/PlaybackEngines/WindowsStandaloneSupport/UnityEditor.WindowsStandalone.Extensions.dll
Registered in 0.002272 seconds.
Native extension for WindowsStandalone target not found
Refreshing native plugins compatible for Editor in 28.30 ms, found 2 plugins.
Preloading 0 native plugins for Editor in 0.00 ms.
Mono: successfully reloaded assembly
- Completed reload, in  1.076 seconds
Domain Reload Profiling:
	ReloadAssembly (1076ms)
		BeginReloadAssembly (55ms)
			ExecutionOrderSort (0ms)
			DisableScriptedObjects (0ms)
			BackupInstance (0ms)
			ReleaseScriptingObjects (0ms)
			CreateAndSetChildDomain (1ms)
		EndReloadAssembly (422ms)
			LoadAssemblies (53ms)
			RebuildTransferFunctionScriptingTraits (0ms)
			SetupTypeCache (158ms)
			ReleaseScriptCaches (0ms)
			RebuildScriptCaches (31ms)
			SetupLoadedEditorAssemblies (162ms)
				LogAssemblyErrors (0ms)
				InitializePlatformSupportModulesInManaged (4ms)
				SetLoadedEditorAssemblies (0ms)
				RefreshPlugins (28ms)
				BeforeProcessingInitializeOnLoad (17ms)
				ProcessInitializeOnLoadAttributes (83ms)
				ProcessInitializeOnLoadMethodAttributes (30ms)
				AfterProcessingInitializeOnLoad (0ms)
				EditorAssembliesLoaded (0ms)
			ExecutionOrderSort2 (0ms)
			AwakeInstancesAfterBackupRestoration (0ms)
Platform modules already initialized, skipping
Registering precompiled user dll's ...
Registered in 0.001801 seconds.
Begin MonoManager ReloadAssembly
Native extension for WindowsStandalone target not found
Refreshing native plugins compatible for Editor in 0.29 ms, found 2 plugins.
Preloading 0 native plugins for Editor in 0.00 ms.
Mono: successfully reloaded assembly
- Completed reload, in  1.030 seconds
Domain Reload Profiling:
	ReloadAssembly (1030ms)
		BeginReloadAssembly (152ms)
			ExecutionOrderSort (0ms)
			DisableScriptedObjects (5ms)
			BackupInstance (0ms)
			ReleaseScriptingObjects (0ms)
			CreateAndSetChildDomain (19ms)
		EndReloadAssembly (814ms)
			LoadAssemblies (85ms)
			RebuildTransferFunctionScriptingTraits (0ms)
			SetupTypeCache (279ms)
			ReleaseScriptCaches (0ms)
			RebuildScriptCaches (42ms)
			SetupLoadedEditorAssemblies (311ms)
				LogAssemblyErrors (0ms)
				InitializePlatformSupportModulesInManaged (5ms)
				SetLoadedEditorAssemblies (1ms)
				RefreshPlugins (0ms)
				BeforeProcessingInitializeOnLoad (78ms)
				ProcessInitializeOnLoadAttributes (216ms)
				ProcessInitializeOnLoadMethodAttributes (5ms)
				AfterProcessingInitializeOnLoad (6ms)
				EditorAssembliesLoaded (0ms)
			ExecutionOrderSort2 (0ms)
			AwakeInstancesAfterBackupRestoration (7ms)
Platform modules already initialized, skipping
========================================================================
Worker process is ready to serve import requests
Launched and connected shader compiler UnityShaderCompiler.exe after 0.04 seconds
Refreshing native plugins compatible for Editor in 0.28 ms, found 2 plugins.
Preloading 0 native plugins for Editor in 0.00 ms.
Unloading 1397 Unused Serialized files (Serialized files now loaded: 0)
System memory in use before: 65.3 MB.
System memory in use after: 65.4 MB.

Unloading 16 unused Assets to reduce memory usage. Loaded Objects now: 1832.
Total: 3.028200 ms (FindLiveObjects: 0.134500 ms CreateObjectMapping: 0.042900 ms MarkObjects: 2.758800 ms  DeleteObjects: 0.090900 ms)

AssetImportParameters requested are different than current active one (requested -> active):
  custom:framework-win-MediaFoundation: 216162199b28c13a410421893ffa2e32 -> 
  custom:video-decoder-ogg-theora: a1e56fd34408186e4bbccfd4996cb3dc -> 
  custom:container-muxer-webm: aa71ff27fc2769a1b78a27578f13a17b -> 
  custom:container-demuxer-webm: 4f35f7cbe854078d1ac9338744f61a02 -> 
  custom:container-demuxer-ogg: 62fdf1f143b41e24485cea50d1cbac27 -> 
  custom:video-encoder-webm-vp8: eb34c28f22e8b96e1ab97ce403110664 -> 
  custom:video-decoder-webm-vp8: 9c59270c3fd7afecdb556c50c9e8de78 -> 
  custom:audio-decoder-ogg-vorbis: bf7c407c2cedff20999df2af8eb42d56 -> 
  custom:audio-encoder-webm-vorbis: bf7c407c2cedff20999df2af8eb42d56 -> 
========================================================================
Received Import Request.
  path: Assets/Scenes/Ejercicio2.unity
  artifactKey: Guid(916b1997378d9f64e88b5ab2c8fdfa3f) Importer(815301076,1909f56bfc062723c751e8b465ee728b)
Start importing Assets/Scenes/Ejercicio2.unity using Guid(916b1997378d9f64e88b5ab2c8fdfa3f) Importer(815301076,1909f56bfc062723c751e8b465ee728b)  -> (artifact id: '1130e7f9fdebd87d99f9e11567e6c05c') in 0.017232 seconds 
  Import took 0.019717 seconds .

========================================================================
Received Prepare
Registering precompiled user dll's ...
Registered in 0.001765 seconds.
Begin MonoManager ReloadAssembly
Native extension for WindowsStandalone target not found
Refreshing native plugins compatible for Editor in 0.29 ms, found 2 plugins.
Preloading 0 native plugins for Editor in 0.00 ms.
Mono: successfully reloaded assembly
- Completed reload, in  1.008 seconds
Domain Reload Profiling:
	ReloadAssembly (1008ms)
		BeginReloadAssembly (106ms)
			ExecutionOrderSort (0ms)
			DisableScriptedObjects (5ms)
			BackupInstance (0ms)
			ReleaseScriptingObjects (0ms)
			CreateAndSetChildDomain (31ms)
		EndReloadAssembly (839ms)
			LoadAssemblies (81ms)
			RebuildTransferFunctionScriptingTraits (0ms)
			SetupTypeCache (274ms)
			ReleaseScriptCaches (1ms)
			RebuildScriptCaches (38ms)
			SetupLoadedEditorAssemblies (334ms)
				LogAssemblyErrors (0ms)
				InitializePlatformSupportModulesInManaged (5ms)
				SetLoadedEditorAssemblies (0ms)
				RefreshPlugins (0ms)
				BeforeProcessingInitializeOnLoad (75ms)
				ProcessInitializeOnLoadAttributes (242ms)
				ProcessInitializeOnLoadMethodAttributes (4ms)
				AfterProcessingInitializeOnLoad (7ms)
				EditorAssembliesLoaded (0ms)
			ExecutionOrderSort2 (0ms)
			AwakeInstancesAfterBackupRestoration (9ms)
Platform modules already initialized, skipping
Refreshing native plugins compatible for Editor in 0.30 ms, found 2 plugins.
Preloading 0 native plugins for Editor in 0.00 ms.
Unloading 1391 Unused Serialized files (Serialized files now loaded: 0)
System memory in use before: 65.1 MB.
System memory in use after: 65.2 MB.

Unloading 11 unused Assets to reduce memory usage. Loaded Objects now: 1834.
Total: 2.830300 ms (FindLiveObjects: 0.146600 ms CreateObjectMapping: 0.049500 ms MarkObjects: 2.612300 ms  DeleteObjects: 0.020400 ms)

AssetImportParameters requested are different than current active one (requested -> active):
  custom:framework-win-MediaFoundation: 216162199b28c13a410421893ffa2e32 -> 
  custom:video-decoder-ogg-theora: a1e56fd34408186e4bbccfd4996cb3dc -> 
  custom:container-muxer-webm: aa71ff27fc2769a1b78a27578f13a17b -> 
  custom:container-demuxer-webm: 4f35f7cbe854078d1ac9338744f61a02 -> 
  custom:container-demuxer-ogg: 62fdf1f143b41e24485cea50d1cbac27 -> 
  custom:video-encoder-webm-vp8: eb34c28f22e8b96e1ab97ce403110664 -> 
  custom:video-decoder-webm-vp8: 9c59270c3fd7afecdb556c50c9e8de78 -> 
  custom:audio-decoder-ogg-vorbis: bf7c407c2cedff20999df2af8eb42d56 -> 
  custom:audio-encoder-webm-vorbis: bf7c407c2cedff20999df2af8eb42d56 -> 
========================================================================
Received Import Request.
  Time since last request: 1323.423346 seconds.
  path: Assets/Materials/Robot_Body_Mat.mat
  artifactKey: Guid(f5d0523e9ff714f4fa95c9e5fb0ffac2) Importer(815301076,1909f56bfc062723c751e8b465ee728b)
Start importing Assets/Materials/Robot_Body_Mat.mat using Guid(f5d0523e9ff714f4fa95c9e5fb0ffac2) Importer(815301076,1909f56bfc062723c751e8b465ee728b)  -> (artifact id: '5be792d2f1250e5e23af95dbbb5e4ed0') in 0.134478 seconds 
  Import took 0.136993 seconds .

========================================================================
Received Import Request.
  Time since last request: 0.000166 seconds.
  path: Assets/Materials/Robot_Wheels_Mat.mat
  artifactKey: Guid(6f2b237de45ac7d439d10aad89fdcd3e) Importer(815301076,1909f56bfc062723c751e8b465ee728b)
Start importing Assets/Materials/Robot_Wheels_Mat.mat using Guid(6f2b237de45ac7d439d10aad89fdcd3e) Importer(815301076,1909f56bfc062723c751e8b465ee728b)  -> (artifact id: '80a0393ab27d5057651449cd63a3c79a') in 0.021071 seconds 
  Import took 0.023980 seconds .

========================================================================
Received Import Request.
  Time since last request: 0.000224 seconds.
  path: Assets/Materials/Robot_Head_Mat.mat
  artifactKey: Guid(5763695012dfc434ca77edf22f5a3d2e) Importer(815301076,1909f56bfc062723c751e8b465ee728b)
Start importing Assets/Materials/Robot_Head_Mat.mat using Guid(5763695012dfc434ca77edf22f5a3d2e) Importer(815301076,1909f56bfc062723c751e8b465ee728b)  -> (artifact id: '93ff48e4641e70bebdd092d9719b0145') in 0.008076 seconds 
  Import took 0.010549 seconds .

========================================================================
Received Import Request.
  Time since last request: 208.088515 seconds.
  path: Assets/Prefabs
  artifactKey: Guid(77c271da560e06d44a822c3543a13d8c) Importer(815301076,1909f56bfc062723c751e8b465ee728b)
Start importing Assets/Prefabs using Guid(77c271da560e06d44a822c3543a13d8c) Importer(815301076,1909f56bfc062723c751e8b465ee728b)  -> (artifact id: '9eb903ed7153532cf90fe4d89cffa8f4') in 0.002381 seconds 
  Import took 0.005516 seconds .

========================================================================
Received Import Request.
  Time since last request: 37.780662 seconds.
  path: Assets/Prefabs/Temple.prefab
  artifactKey: Guid(fb15c31b49f44694daf8831f205ae341) Importer(815301076,1909f56bfc062723c751e8b465ee728b)
Start importing Assets/Prefabs/Temple.prefab using Guid(fb15c31b49f44694daf8831f205ae341) Importer(815301076,1909f56bfc062723c751e8b465ee728b)  -> (artifact id: 'c29b070503cc77f83ea0ff3aeb37ab3c') in 0.028846 seconds 
  Import took 0.031157 seconds .

========================================================================
Received Import Request.
  Time since last request: 194.525314 seconds.
  path: Assets/Prefabs/Temple.prefab
  artifactKey: Guid(fb15c31b49f44694daf8831f205ae341) Importer(815301076,1909f56bfc062723c751e8b465ee728b)
Start importing Assets/Prefabs/Temple.prefab using Guid(fb15c31b49f44694daf8831f205ae341) Importer(815301076,1909f56bfc062723c751e8b465ee728b)  -> (artifact id: '66556382a437121ca2705288882d657a') in 0.021261 seconds 
  Import took 0.044320 seconds .

========================================================================
Received Import Request.
  Time since last request: 124.587993 seconds.
  path: Assets/Prefabs/Temple.prefab
  artifactKey: Guid(fb15c31b49f44694daf8831f205ae341) Importer(815301076,1909f56bfc062723c751e8b465ee728b)
Start importing Assets/Prefabs/Temple.prefab using Guid(fb15c31b49f44694daf8831f205ae341) Importer(815301076,1909f56bfc062723c751e8b465ee728b)  -> (artifact id: '2a2f7f957a0a9cfcc63a5cd7de5a83e9') in 0.010318 seconds 
  Import took 0.012853 seconds .

========================================================================
Received Import Request.
  Time since last request: 221.212870 seconds.
  path: Assets/Prefabs/Temple 1.prefab
  artifactKey: Guid(50fc821bd2cbdc2479f242c228c4930a) Importer(815301076,1909f56bfc062723c751e8b465ee728b)
Start importing Assets/Prefabs/Temple 1.prefab using Guid(50fc821bd2cbdc2479f242c228c4930a) Importer(815301076,1909f56bfc062723c751e8b465ee728b)  -> (artifact id: 'dd708eba599b05f625bcd668ae172426') in 0.008571 seconds 
  Import took 0.010911 seconds .

========================================================================
Received Import Request.
  Time since last request: 40.753579 seconds.
  path: Assets/Prefabs/Temple.prefab
  artifactKey: Guid(50fc821bd2cbdc2479f242c228c4930a) Importer(815301076,1909f56bfc062723c751e8b465ee728b)
Start importing Assets/Prefabs/Temple.prefab using Guid(50fc821bd2cbdc2479f242c228c4930a) Importer(815301076,1909f56bfc062723c751e8b465ee728b)  -> (artifact id: 'acd82071562f37c2a6ccd50a4a8e3813') in 0.007780 seconds 
  Import took 0.108157 seconds .

========================================================================
Received Import Request.
  Time since last request: 29.395567 seconds.
  path: Assets/Prefabs/Temple.prefab
  artifactKey: Guid(50fc821bd2cbdc2479f242c228c4930a) Importer(815301076,1909f56bfc062723c751e8b465ee728b)
Start importing Assets/Prefabs/Temple.prefab using Guid(50fc821bd2cbdc2479f242c228c4930a) Importer(815301076,1909f56bfc062723c751e8b465ee728b)  -> (artifact id: '1df8546a2e00ebf42cea37cd5f7ae0a3') in 0.008214 seconds 
  Import took 0.010921 seconds .

========================================================================
Received Import Request.
  Time since last request: 121.024441 seconds.
  path: Assets/Prefabs/Temple.prefab
  artifactKey: Guid(50fc821bd2cbdc2479f242c228c4930a) Importer(815301076,1909f56bfc062723c751e8b465ee728b)
Start importing Assets/Prefabs/Temple.prefab using Guid(50fc821bd2cbdc2479f242c228c4930a) Importer(815301076,1909f56bfc062723c751e8b465ee728b)  -> (artifact id: 'b12bf4ddfe67b94a6cf452075d20dfbe') in 0.009753 seconds 
  Import took 0.012583 seconds .

========================================================================
Received Import Request.
  Time since last request: 455.875317 seconds.
  path: Assets/Prefabs/Temple (1) Variant.prefab
  artifactKey: Guid(a76e48c5172488a42b77e024ab7d62c5) Importer(815301076,1909f56bfc062723c751e8b465ee728b)
Start importing Assets/Prefabs/Temple (1) Variant.prefab using Guid(a76e48c5172488a42b77e024ab7d62c5) Importer(815301076,1909f56bfc062723c751e8b465ee728b)  -> (artifact id: 'db0b89f52dd4e7c58c032d3e61164dc4') in 0.018211 seconds 
  Import took 0.021281 seconds .

========================================================================
Received Import Request.
  Time since last request: 76.631197 seconds.
  path: Assets/Prefabs/Temple (1) Variant.prefab
  artifactKey: Guid(a76e48c5172488a42b77e024ab7d62c5) Importer(815301076,1909f56bfc062723c751e8b465ee728b)
Start importing Assets/Prefabs/Temple (1) Variant.prefab using Guid(a76e48c5172488a42b77e024ab7d62c5) Importer(815301076,1909f56bfc062723c751e8b465ee728b)  -> (artifact id: 'b2bf820ccd5d41e2d4fd049900b46b45') in 0.013548 seconds 
  Import took 0.016240 seconds .

========================================================================
Received Import Request.
  Time since last request: 33.160018 seconds.
  path: Assets/Prefabs/Temple (1) Variant.prefab
  artifactKey: Guid(a76e48c5172488a42b77e024ab7d62c5) Importer(815301076,1909f56bfc062723c751e8b465ee728b)
Start importing Assets/Prefabs/Temple (1) Variant.prefab using Guid(a76e48c5172488a42b77e024ab7d62c5) Importer(815301076,1909f56bfc062723c751e8b465ee728b)  -> (artifact id: 'a9ee953093d96f587f9355319268b3b9') in 0.008866 seconds 
  Import took 0.011482 seconds .

========================================================================
Received Import Request.
  Time since last request: 1.447311 seconds.
  path: Assets/Prefabs/Temple.prefab
  artifactKey: Guid(50fc821bd2cbdc2479f242c228c4930a) Importer(815301076,1909f56bfc062723c751e8b465ee728b)
Start importing Assets/Prefabs/Temple.prefab using Guid(50fc821bd2cbdc2479f242c228c4930a) Importer(815301076,1909f56bfc062723c751e8b465ee728b)  -> (artifact id: '0d5e78ea0bd6a2c560f70f2cb50375dd') in 0.010046 seconds 
  Import took 0.012749 seconds .

========================================================================
Received Import Request.
  Time since last request: 79.094279 seconds.
  path: Assets/Scenes/Ejercicio1.unity
  artifactKey: Guid(d528ae926e625da4c86a3072ac6b38de) Importer(815301076,1909f56bfc062723c751e8b465ee728b)
Start importing Assets/Scenes/Ejercicio1.unity using Guid(d528ae926e625da4c86a3072ac6b38de) Importer(815301076,1909f56bfc062723c751e8b465ee728b)  -> (artifact id: 'a47e5d165d479485a427fc45b9912fcf') in 0.001877 seconds 
  Import took 0.004891 seconds .

========================================================================
Received Import Request.
  Time since last request: 170.375932 seconds.
  path: Assets/Scenes/Ejercicio2.unity
  artifactKey: Guid(916b1997378d9f64e88b5ab2c8fdfa3f) Importer(815301076,1909f56bfc062723c751e8b465ee728b)
Start importing Assets/Scenes/Ejercicio2.unity using Guid(916b1997378d9f64e88b5ab2c8fdfa3f) Importer(815301076,1909f56bfc062723c751e8b465ee728b)  -> (artifact id: '3791d1b7d3d240553690b1b9cd633c71') in 0.001625 seconds 
  Import took 0.004087 seconds .

========================================================================
Received Import Request.
  Time since last request: 0.598512 seconds.
  path: Assets/Scenes/Ejercicio1.unity
  artifactKey: Guid(d528ae926e625da4c86a3072ac6b38de) Importer(815301076,1909f56bfc062723c751e8b465ee728b)
Start importing Assets/Scenes/Ejercicio1.unity using Guid(d528ae926e625da4c86a3072ac6b38de) Importer(815301076,1909f56bfc062723c751e8b465ee728b)  -> (artifact id: '9a2907ebf34ea1e5c3dac2b740a9db02') in 0.002662 seconds 
  Import took 0.005556 seconds .

========================================================================
Received Import Request.
  Time since last request: 2.916058 seconds.
  path: Assets/Materials/Sand_Mat.mat
  artifactKey: Guid(89c339b6d7ebd754189965151c20447b) Importer(815301076,1909f56bfc062723c751e8b465ee728b)
Start importing Assets/Materials/Sand_Mat.mat using Guid(89c339b6d7ebd754189965151c20447b) Importer(815301076,1909f56bfc062723c751e8b465ee728b)  -> (artifact id: '752d82258fe8b87f0a2091fd7f43f30a') in 0.012069 seconds 
  Import took 0.015417 seconds .

========================================================================
Received Import Request.
  Time since last request: 151.848959 seconds.
  path: Assets/Prefabs/Robot.prefab
  artifactKey: Guid(37536a183483233479c29bb42fef06ac) Importer(815301076,1909f56bfc062723c751e8b465ee728b)
Start importing Assets/Prefabs/Robot.prefab using Guid(37536a183483233479c29bb42fef06ac) Importer(815301076,1909f56bfc062723c751e8b465ee728b)  -> (artifact id: '612c4e1e3be0a50d50a6cb546ef4275f') in 0.011016 seconds 
  Import took 0.013752 seconds .

========================================================================
Received Import Request.
  Time since last request: 104.846905 seconds.
  path: Assets/Prefabs/Robot.prefab
  artifactKey: Guid(37536a183483233479c29bb42fef06ac) Importer(815301076,1909f56bfc062723c751e8b465ee728b)
Start importing Assets/Prefabs/Robot.prefab using Guid(37536a183483233479c29bb42fef06ac) Importer(815301076,1909f56bfc062723c751e8b465ee728b)  -> (artifact id: 'da07ad0d4cf3cf0c8b08374cedd298da') in 0.010311 seconds 
  Import took 0.012865 seconds .

========================================================================
Received Import Request.
  Time since last request: 114.181191 seconds.
  path: Assets/Prefabs/Robot.prefab
  artifactKey: Guid(37536a183483233479c29bb42fef06ac) Importer(815301076,1909f56bfc062723c751e8b465ee728b)
Start importing Assets/Prefabs/Robot.prefab using Guid(37536a183483233479c29bb42fef06ac) Importer(815301076,1909f56bfc062723c751e8b465ee728b)  -> (artifact id: 'bf90ab2c3e362d6b3df43534740bc3e8') in 0.009053 seconds 
  Import took 0.011961 seconds .

========================================================================
Received Import Request.
  Time since last request: 111.781242 seconds.
  path: Assets/Prefabs/Robot (1) Variant.prefab
  artifactKey: Guid(d3bf59765c42acf4187eca57a9759751) Importer(815301076,1909f56bfc062723c751e8b465ee728b)
Start importing Assets/Prefabs/Robot (1) Variant.prefab using Guid(d3bf59765c42acf4187eca57a9759751) Importer(815301076,1909f56bfc062723c751e8b465ee728b)  -> (artifact id: 'fa04928a4b64ea04d3d8721b33007851') in 0.011992 seconds 
  Import took 0.014672 seconds .

========================================================================
Received Import Request.
  Time since last request: 22.123280 seconds.
  path: Assets/Prefabs/Robotenemy.prefab
  artifactKey: Guid(d3bf59765c42acf4187eca57a9759751) Importer(815301076,1909f56bfc062723c751e8b465ee728b)
Start importing Assets/Prefabs/Robotenemy.prefab using Guid(d3bf59765c42acf4187eca57a9759751) Importer(815301076,1909f56bfc062723c751e8b465ee728b)  -> (artifact id: '202abb7cffd2f5553c5fec648990cea6') in 0.011528 seconds 
  Import took 0.014215 seconds .

========================================================================
Received Import Request.
  Time since last request: 9.251855 seconds.
  path: Assets/Prefabs/Robot_enemy.prefab
  artifactKey: Guid(d3bf59765c42acf4187eca57a9759751) Importer(815301076,1909f56bfc062723c751e8b465ee728b)
Start importing Assets/Prefabs/Robot_enemy.prefab using Guid(d3bf59765c42acf4187eca57a9759751) Importer(815301076,1909f56bfc062723c751e8b465ee728b)  -> (artifact id: '8790e83e26eaa78c710ec7d004714c12') in 0.011437 seconds 
  Import took 0.013966 seconds .

========================================================================
Received Import Request.
  Time since last request: 131.987372 seconds.
  path: Assets/Materials/Robot_Head_Enemy_Mat.mat
  artifactKey: Guid(039e0e1599faff347be37d2a0fa8429b) Importer(815301076,1909f56bfc062723c751e8b465ee728b)
Start importing Assets/Materials/Robot_Head_Enemy_Mat.mat using Guid(039e0e1599faff347be37d2a0fa8429b) Importer(815301076,1909f56bfc062723c751e8b465ee728b)  -> (artifact id: '6608f1c85c19914ec10078c8cd02d8d3') in 0.010044 seconds 
  Import took 0.012663 seconds .

========================================================================
Received Import Request.
  Time since last request: 1160.447129 seconds.
  path: Assets/Prefabs/Temple_Variant.prefab
  artifactKey: Guid(a76e48c5172488a42b77e024ab7d62c5) Importer(815301076,1909f56bfc062723c751e8b465ee728b)
Start importing Assets/Prefabs/Temple_Variant.prefab using Guid(a76e48c5172488a42b77e024ab7d62c5) Importer(815301076,1909f56bfc062723c751e8b465ee728b)  -> (artifact id: '012559c38ab301d092bebb3228e2d583') in 0.010725 seconds 
  Import took 0.013670 seconds .

========================================================================
Received Import Request.
  Time since last request: 125.502031 seconds.
  path: Assets/Scenes/Ejercicio1.unity
  artifactKey: Guid(d528ae926e625da4c86a3072ac6b38de) Importer(815301076,1909f56bfc062723c751e8b465ee728b)
Start importing Assets/Scenes/Ejercicio1.unity using Guid(d528ae926e625da4c86a3072ac6b38de) Importer(815301076,1909f56bfc062723c751e8b465ee728b)  -> (artifact id: 'f99df02e41d034cfd4168fc4fe8318b9') in 0.001707 seconds 
  Import took 0.004748 seconds .

========================================================================
Received Import Request.
  Time since last request: 10.514951 seconds.
  path: Assets/Scenes/Ejercicio_Templo.unity
  artifactKey: Guid(916b1997378d9f64e88b5ab2c8fdfa3f) Importer(815301076,1909f56bfc062723c751e8b465ee728b)
Start importing Assets/Scenes/Ejercicio_Templo.unity using Guid(916b1997378d9f64e88b5ab2c8fdfa3f) Importer(815301076,1909f56bfc062723c751e8b465ee728b)  -> (artifact id: '59f60f8ac6b8488ec4212b352380ea01') in 0.002432 seconds 
  Import took 0.006496 seconds .

========================================================================
Received Import Request.
  Time since last request: 9.377625 seconds.
  path: Assets/Scenes/Ejercicio_1.unity
  artifactKey: Guid(d528ae926e625da4c86a3072ac6b38de) Importer(815301076,1909f56bfc062723c751e8b465ee728b)
Start importing Assets/Scenes/Ejercicio_1.unity using Guid(d528ae926e625da4c86a3072ac6b38de) Importer(815301076,1909f56bfc062723c751e8b465ee728b)  -> (artifact id: '1e7802b91a8c988ae20da2bf4a56feba') in 0.001746 seconds 
  Import took 0.005082 seconds .

========================================================================
Received Import Request.
  Time since last request: 9.271173 seconds.
  path: Assets/Prefabs/Robot_enemy.prefab
  artifactKey: Guid(d3bf59765c42acf4187eca57a9759751) Importer(815301076,1909f56bfc062723c751e8b465ee728b)
Start importing Assets/Prefabs/Robot_enemy.prefab using Guid(d3bf59765c42acf4187eca57a9759751) Importer(815301076,1909f56bfc062723c751e8b465ee728b)  -> (artifact id: 'cc38395a42aaf321795e30278062a4ce') in 0.011562 seconds 
  Import took 0.014432 seconds .

========================================================================
Received Import Request.
  Time since last request: 10.259125 seconds.
  path: Assets/Prefabs/Robot_Enemy_Variant.prefab
  artifactKey: Guid(d3bf59765c42acf4187eca57a9759751) Importer(815301076,1909f56bfc062723c751e8b465ee728b)
Start importing Assets/Prefabs/Robot_Enemy_Variant.prefab using Guid(d3bf59765c42acf4187eca57a9759751) Importer(815301076,1909f56bfc062723c751e8b465ee728b)  -> (artifact id: '84b3d5b4b945de64b91d6657a9b1cc47') in 0.011060 seconds 
  Import took 0.014054 seconds .

AssetImportWorkerClient::OnTransportError - code=2 error=End of file
