Using pre-set license
Built from '2020.3/staging' branch; Version is '2020.3.19f1 (68f137dc9bbe) revision 6877495'; Using compiler version '192528614'; Build Type 'Release'
OS: 'Windows 10 Pro; OS build 19043.1237; Version 2009; 64bit' Language: 'es' Physical Memory: 16342 MB
BatchMode: 1, IsHumanControllingUs: 0, StartBugReporterOnCrash: 0, Is64bit: 1, IsPro: 0

COMMAND LINE ARGUMENTS:
C:\Program Files\Unity\Hub\Editor\2020.3.19f1\Editor\Unity.exe
-adb2
-batchMode
-noUpm
-name
AssetImportWorker0
-projectPath
D:/Ana_Huguet/Desarrollo_Multidispositivo/Ana_Huguet_Tema1/Mi_Primer_Proyecto
-logFile
Logs/AssetImportWorker0.log
-srvPort
60976
Successfully changed project path to: D:/Ana_Huguet/Desarrollo_Multidispositivo/Ana_Huguet_Tema1/Mi_Primer_Proyecto
D:/Ana_Huguet/Desarrollo_Multidispositivo/Ana_Huguet_Tema1/Mi_Primer_Proyecto
Using Asset Import Pipeline V2.
Refreshing native plugins compatible for Editor in 28.65 ms, found 2 plugins.
Preloading 0 native plugins for Editor in 0.00 ms.
Initialize engine version: 2020.3.19f1 (68f137dc9bbe)
[Subsystems] Discovering subsystems at path C:/Program Files/Unity/Hub/Editor/2020.3.19f1/Editor/Data/Resources/UnitySubsystems
[Subsystems] Discovering subsystems at path D:/Ana_Huguet/Desarrollo_Multidispositivo/Ana_Huguet_Tema1/Mi_Primer_Proyecto/Assets
GfxDevice: creating device client; threaded=0
Direct3D:
    Version:  Direct3D 11.0 [level 11.1]
    Renderer: NVIDIA GeForce GTX 1050 Ti (ID=0x1c82)
    Vendor:   
    VRAM:     4018 MB
    Driver:   27.21.14.5671
Initialize mono
Mono path[0] = 'C:/Program Files/Unity/Hub/Editor/2020.3.19f1/Editor/Data/Managed'
Mono path[1] = 'C:/Program Files/Unity/Hub/Editor/2020.3.19f1/Editor/Data/MonoBleedingEdge/lib/mono/unityjit'
Mono config path = 'C:/Program Files/Unity/Hub/Editor/2020.3.19f1/Editor/Data/MonoBleedingEdge/etc'
Using monoOptions --debugger-agent=transport=dt_socket,embedding=1,server=y,suspend=n,address=127.0.0.1:56180
Begin MonoManager ReloadAssembly
Registering precompiled unity dll's ...
Register platform support module: C:/Program Files/Unity/Hub/Editor/2020.3.19f1/Editor/Data/PlaybackEngines/WindowsStandaloneSupport/UnityEditor.WindowsStandalone.Extensions.dll
Registered in 0.002222 seconds.
Native extension for WindowsStandalone target not found
Refreshing native plugins compatible for Editor in 30.95 ms, found 2 plugins.
Preloading 0 native plugins for Editor in 0.00 ms.
Mono: successfully reloaded assembly
- Completed reload, in  1.148 seconds
Domain Reload Profiling:
	ReloadAssembly (1149ms)
		BeginReloadAssembly (58ms)
			ExecutionOrderSort (0ms)
			DisableScriptedObjects (0ms)
			BackupInstance (0ms)
			ReleaseScriptingObjects (0ms)
			CreateAndSetChildDomain (1ms)
		EndReloadAssembly (455ms)
			LoadAssemblies (56ms)
			RebuildTransferFunctionScriptingTraits (0ms)
			SetupTypeCache (166ms)
			ReleaseScriptCaches (0ms)
			RebuildScriptCaches (35ms)
			SetupLoadedEditorAssemblies (173ms)
				LogAssemblyErrors (0ms)
				InitializePlatformSupportModulesInManaged (5ms)
				SetLoadedEditorAssemblies (0ms)
				RefreshPlugins (31ms)
				BeforeProcessingInitializeOnLoad (18ms)
				ProcessInitializeOnLoadAttributes (88ms)
				ProcessInitializeOnLoadMethodAttributes (30ms)
				AfterProcessingInitializeOnLoad (0ms)
				EditorAssembliesLoaded (0ms)
			ExecutionOrderSort2 (0ms)
			AwakeInstancesAfterBackupRestoration (0ms)
Platform modules already initialized, skipping
Registering precompiled user dll's ...
Registered in 0.002267 seconds.
Begin MonoManager ReloadAssembly
Native extension for WindowsStandalone target not found
Refreshing native plugins compatible for Editor in 0.29 ms, found 2 plugins.
Preloading 0 native plugins for Editor in 0.00 ms.
Mono: successfully reloaded assembly
- Completed reload, in  1.025 seconds
Domain Reload Profiling:
	ReloadAssembly (1026ms)
		BeginReloadAssembly (156ms)
			ExecutionOrderSort (0ms)
			DisableScriptedObjects (5ms)
			BackupInstance (0ms)
			ReleaseScriptingObjects (0ms)
			CreateAndSetChildDomain (19ms)
		EndReloadAssembly (805ms)
			LoadAssemblies (86ms)
			RebuildTransferFunctionScriptingTraits (0ms)
			SetupTypeCache (277ms)
			ReleaseScriptCaches (0ms)
			RebuildScriptCaches (42ms)
			SetupLoadedEditorAssemblies (306ms)
				LogAssemblyErrors (0ms)
				InitializePlatformSupportModulesInManaged (5ms)
				SetLoadedEditorAssemblies (0ms)
				RefreshPlugins (0ms)
				BeforeProcessingInitializeOnLoad (77ms)
				ProcessInitializeOnLoadAttributes (212ms)
				ProcessInitializeOnLoadMethodAttributes (5ms)
				AfterProcessingInitializeOnLoad (6ms)
				EditorAssembliesLoaded (0ms)
			ExecutionOrderSort2 (0ms)
			AwakeInstancesAfterBackupRestoration (7ms)
Platform modules already initialized, skipping
========================================================================
Worker process is ready to serve import requests
Launched and connected shader compiler UnityShaderCompiler.exe after 0.04 seconds
Refreshing native plugins compatible for Editor in 0.28 ms, found 2 plugins.
Preloading 0 native plugins for Editor in 0.00 ms.
Unloading 1397 Unused Serialized files (Serialized files now loaded: 0)
System memory in use before: 65.2 MB.
System memory in use after: 65.3 MB.

Unloading 16 unused Assets to reduce memory usage. Loaded Objects now: 1832.
Total: 2.976200 ms (FindLiveObjects: 0.127800 ms CreateObjectMapping: 0.040100 ms MarkObjects: 2.713100 ms  DeleteObjects: 0.093900 ms)

AssetImportParameters requested are different than current active one (requested -> active):
  custom:framework-win-MediaFoundation: 216162199b28c13a410421893ffa2e32 -> 
  custom:video-decoder-ogg-theora: a1e56fd34408186e4bbccfd4996cb3dc -> 
  custom:container-muxer-webm: aa71ff27fc2769a1b78a27578f13a17b -> 
  custom:container-demuxer-webm: 4f35f7cbe854078d1ac9338744f61a02 -> 
  custom:container-demuxer-ogg: 62fdf1f143b41e24485cea50d1cbac27 -> 
  custom:video-encoder-webm-vp8: eb34c28f22e8b96e1ab97ce403110664 -> 
  custom:video-decoder-webm-vp8: 9c59270c3fd7afecdb556c50c9e8de78 -> 
  custom:audio-decoder-ogg-vorbis: bf7c407c2cedff20999df2af8eb42d56 -> 
  custom:audio-encoder-webm-vorbis: bf7c407c2cedff20999df2af8eb42d56 -> 
========================================================================
Received Import Request.
  path: Assets/Scenes
  artifactKey: Guid(1c700ad83cd4bba438e254a780e96513) Importer(815301076,1909f56bfc062723c751e8b465ee728b)
Start importing Assets/Scenes using Guid(1c700ad83cd4bba438e254a780e96513) Importer(815301076,1909f56bfc062723c751e8b465ee728b)  -> (artifact id: '33046fca45321c06e89597c5a5fcbeea') in 0.003241 seconds 
  Import took 0.005262 seconds .

========================================================================
Received Import Request.
  Time since last request: 19.408968 seconds.
  path: Assets/Scenes/Ejercicio1.unity
  artifactKey: Guid(d528ae926e625da4c86a3072ac6b38de) Importer(815301076,1909f56bfc062723c751e8b465ee728b)
Start importing Assets/Scenes/Ejercicio1.unity using Guid(d528ae926e625da4c86a3072ac6b38de) Importer(815301076,1909f56bfc062723c751e8b465ee728b)  -> (artifact id: '527b9f780757f5c53358348e9b05a0ba') in 0.012203 seconds 
  Import took 0.015037 seconds .

========================================================================
Received Import Request.
  Time since last request: 581.189951 seconds.
  path: Assets
  artifactKey: Guid(00000000000000001000000000000000) Importer(815301076,1909f56bfc062723c751e8b465ee728b)
Start importing Assets using Guid(00000000000000001000000000000000) Importer(815301076,1909f56bfc062723c751e8b465ee728b)  -> (artifact id: '42d402b061de3733987d63b9cc3b64de') in 0.001338 seconds 
  Import took 0.004215 seconds .

========================================================================
Received Import Request.
  Time since last request: 17.015441 seconds.
  path: Assets/Materials
  artifactKey: Guid(4605ed6c4e089004fb6f6d9f5f484b5a) Importer(815301076,1909f56bfc062723c751e8b465ee728b)
Start importing Assets/Materials using Guid(4605ed6c4e089004fb6f6d9f5f484b5a) Importer(815301076,1909f56bfc062723c751e8b465ee728b)  -> (artifact id: 'eef88f1c09096a260aa6c56cc873ade0') in 0.002348 seconds 
  Import took 0.004678 seconds .

========================================================================
Received Import Request.
  Time since last request: 413.218756 seconds.
  path: Assets/Textures
  artifactKey: Guid(12fb874ed71b4cc4cb54f9092faa728b) Importer(815301076,1909f56bfc062723c751e8b465ee728b)
Start importing Assets/Textures using Guid(12fb874ed71b4cc4cb54f9092faa728b) Importer(815301076,1909f56bfc062723c751e8b465ee728b)  -> (artifact id: '05f27d828f0e0c17131594c3cd2c81c3') in 0.002367 seconds 
  Import took 0.004677 seconds .

========================================================================
Received Import Request.
  Time since last request: 34.947080 seconds.
  path: Assets/Textures/CircuitBoard.jpg
  artifactKey: Guid(1623c1a63a362f74ab497c6e4837ab6f) Importer(815301076,1909f56bfc062723c751e8b465ee728b)
Start importing Assets/Textures/CircuitBoard.jpg using Guid(1623c1a63a362f74ab497c6e4837ab6f) Importer(815301076,1909f56bfc062723c751e8b465ee728b)  -> (artifact id: 'e20cc7111aa35c4c3361419818b9dbb6') in 0.059587 seconds 
  Import took 0.061802 seconds .

========================================================================
Received Import Request.
  Time since last request: 10.878020 seconds.
  path: Assets/Textures/CircuitBoard_Text.jpg
  artifactKey: Guid(1623c1a63a362f74ab497c6e4837ab6f) Importer(815301076,1909f56bfc062723c751e8b465ee728b)
Start importing Assets/Textures/CircuitBoard_Text.jpg using Guid(1623c1a63a362f74ab497c6e4837ab6f) Importer(815301076,1909f56bfc062723c751e8b465ee728b)  -> (artifact id: 'fd97b2adaaf0f3ca420a38845379d19c') in 0.011192 seconds 
  Import took 0.013619 seconds .

========================================================================
Received Import Request.
  Time since last request: 363.493126 seconds.
  path: Assets/Materials/Robot_Wheels_Mat
  artifactKey: Guid(cc04fe13d2bf78a4aa83a4c8edcca76b) Importer(815301076,1909f56bfc062723c751e8b465ee728b)
Start importing Assets/Materials/Robot_Wheels_Mat using Guid(cc04fe13d2bf78a4aa83a4c8edcca76b) Importer(815301076,1909f56bfc062723c751e8b465ee728b)  -> (artifact id: '1d0305530a7774e3cd5fbaaab1c0cb54') in 0.002384 seconds 
  Import took 0.005458 seconds .

AssetImportWorkerClient::OnTransportError - code=2 error=End of file
